<?xml version="1.0" encoding="UTF-8"?>
<!-- Generated by org.testng.reporters.JUnitReportReporter -->
<testsuite hostname="LAPTOP-LIAKTO4M" failures="0" tests="1" name="testRunner.TestRunner" time="22.353" errors="0" timestamp="22 Nov 2021 10:34:26 GMT">
  <testcase classname="testRunner.TestRunner" name="runScenario" time="22.353"/>
</testsuite> <!-- testRunner.TestRunner -->
